SF:lib/src/events/camera_event.dart
DA:27,2
DA:29,2
DA:32,2
DA:33,6
DA:34,6
DA:36,1
DA:37,2
DA:53,2
DA:57,2
DA:61,1
DA:62,1
DA:63,1
DA:64,2
DA:68,4
DA:69,2
DA:70,2
DA:71,2
DA:74,2
DA:77,2
DA:78,2
DA:79,6
DA:80,6
DA:81,6
DA:83,1
DA:85,7
DA:101,2
DA:105,2
DA:109,1
DA:110,1
DA:111,1
DA:112,2
DA:116,4
DA:117,2
DA:118,2
DA:119,2
DA:122,2
DA:125,2
DA:126,2
DA:127,6
DA:128,6
DA:129,6
DA:131,1
DA:133,7
DA:140,4
DA:144,1
DA:145,2
DA:149,4
DA:150,2
DA:153,2
DA:156,2
DA:157,2
DA:158,6
DA:160,1
DA:161,1
DA:173,4
DA:177,1
DA:178,1
DA:179,2
DA:183,4
DA:184,2
DA:185,2
DA:188,2
DA:191,2
DA:192,2
DA:193,6
DA:194,6
DA:196,1
DA:197,4
LF:68
LH:68
end_of_record
SF:lib/src/platform_interface/camera_platform.dart
DA:23,6
DA:25,6
DA:27,3
DA:32,2
DA:36,1
DA:37,2
DA:42,1
DA:43,1
DA:47,1
DA:52,1
DA:60,1
DA:61,1
DA:65,1
DA:66,1
DA:70,1
DA:71,1
DA:75,1
DA:76,1
DA:80,1
DA:81,1
DA:85,1
DA:86,1
DA:90,1
DA:91,1
DA:97,1
DA:98,1
DA:102,1
DA:103,1
DA:107,1
DA:108,1
DA:112,1
DA:113,1
DA:117,1
DA:118,1
DA:122,1
DA:123,1
DA:127,1
DA:128,1
DA:136,1
DA:137,1
DA:141,0
DA:142,0
DA:146,1
DA:147,1
LF:44
LH:42
end_of_record
SF:lib/src/method_channel/method_channel_camera.dart
DA:33,1
DA:34,2
DA:35,4
DA:38,1
DA:40,1
DA:41,1
DA:42,2
DA:43,1
DA:44,1
DA:45,2
DA:46,1
DA:48,1
DA:49,1
DA:50,3
DA:55,1
DA:62,2
DA:64,1
DA:65,1
DA:67,1
DA:72,1
DA:73,1
DA:74,3
DA:78,1
DA:80,3
DA:81,2
DA:82,1
DA:83,0
DA:87,1
DA:89,4
DA:90,1
DA:93,1
DA:95,1
DA:97,1
DA:101,1
DA:105,1
DA:106,2
DA:108,1
DA:111,2
DA:112,3
DA:113,2
DA:117,1
DA:119,2
DA:122,1
DA:124,2
DA:127,1
DA:129,2
DA:132,1
DA:134,2
DA:138,1
DA:139,2
DA:141,1
DA:143,1
DA:146,1
DA:148,1
DA:151,1
DA:152,2
DA:154,1
DA:159,1
DA:160,2
DA:162,1
DA:164,1
DA:167,1
DA:168,1
DA:170,1
DA:173,1
DA:175,1
DA:177,1
DA:180,1
DA:182,1
DA:184,1
DA:186,1
DA:190,1
DA:191,1
DA:193,1
DA:196,1
DA:197,1
DA:199,1
DA:203,1
DA:205,2
DA:207,1
DA:212,1
DA:213,3
DA:217,1
DA:219,1
DA:223,1
DA:225,1
DA:227,1
DA:229,1
DA:231,0
DA:234,0
DA:239,1
DA:241,1
DA:243,1
DA:245,1
DA:247,1
DA:249,0
DA:251,0
DA:254,0
DA:263,1
DA:264,1
DA:265,1
DA:266,3
DA:268,2
DA:269,2
DA:272,1
DA:273,3
DA:275,2
DA:276,2
DA:279,1
DA:280,3
DA:284,1
DA:285,3
DA:287,2
DA:291,1
LF:114
LH:108
end_of_record
SF:lib/src/types/image_format_group.dart
DA:2,9
DA:4,9
DA:17,9
DA:23,9
DA:29,9
DA:37,2
DA:39,2
DA:41,2
DA:43,2
LF:9
LH:9
end_of_record
SF:lib/src/utils/utils.dart
DA:4,2
DA:6,2
DA:8,2
DA:10,1
DA:13,1
LF:5
LH:5
end_of_record
SF:lib/src/types/camera_description.dart
DA:6,9
DA:8,9
DA:11,9
DA:14,9
DA:20,2
DA:37,2
DA:40,2
DA:41,6
DA:42,6
DA:43,6
DA:45,1
DA:46,5
DA:48,0
DA:50,0
LF:14
LH:12
end_of_record
SF:lib/src/types/camera_exception.dart
DA:8,2
DA:18,1
DA:19,3
LF:3
LH:3
end_of_record
SF:lib/src/types/flash_mode.dart
DA:6,9
DA:8,9
DA:11,9
DA:14,9
DA:17,9
LF:5
LH:5
end_of_record
SF:lib/src/types/resolution_preset.dart
DA:8,9
DA:10,9
DA:13,9
DA:16,9
DA:19,9
DA:22,9
DA:25,9
LF:7
LH:7
end_of_record
