SF:lib/src/types/camera_image.dart
DA:14,1
DA:15,1
DA:16,1
DA:17,1
DA:18,1
DA:19,1
DA:45,2
DA:47,2
DA:60,2
DA:66,2
DA:71,2
DA:86,1
DA:87,2
DA:89,1
DA:94,2
DA:97,1
DA:100,1
DA:119,1
DA:120,2
DA:121,1
DA:122,1
DA:123,2
DA:124,3
LF:23
LH:23
end_of_record
SF:lib/src/platform_interface/camera_platform.dart
DA:21,3
DA:23,3
DA:25,3
DA:30,2
DA:34,1
DA:35,2
DA:40,1
DA:41,1
DA:45,1
DA:50,1
DA:54,1
DA:55,1
DA:59,1
DA:60,1
DA:64,1
DA:65,1
DA:76,1
DA:77,1
DA:81,1
DA:82,1
DA:86,1
DA:87,1
DA:91,1
DA:92,1
DA:102,1
DA:103,1
DA:107,1
DA:108,1
DA:112,1
DA:113,1
LF:30
LH:30
end_of_record
SF:lib/src/types/camera_description.dart
DA:8,2
DA:10,2
DA:13,2
DA:16,2
DA:22,0
DA:39,0
DA:41,0
DA:42,0
DA:43,0
DA:46,0
DA:48,0
DA:51,0
DA:53,0
LF:13
LH:4
end_of_record
SF:lib/src/types/camera_event.dart
DA:17,0
DA:42,0
DA:45,0
DA:46,0
DA:47,0
DA:48,0
DA:49,0
DA:50,0
DA:53,0
DA:55,0
DA:56,0
DA:57,0
DA:58,0
DA:65,2
DA:69,2
DA:72,2
DA:75,2
LF:17
LH:4
end_of_record
SF:lib/src/types/resolution_preset.dart
DA:4,2
DA:6,2
DA:9,2
DA:12,2
DA:15,2
DA:18,2
DA:21,2
LF:7
LH:7
end_of_record
