SF:lib/video_player.dart
DA:20,3
DA:23,1
DA:30,1
DA:46,0
DA:47,0
DA:50,0
DA:51,0
DA:101,0
DA:109,0
DA:110,0
DA:113,0
DA:114,0
DA:122,1
DA:136,1
DA:137,1
DA:138,1
DA:139,1
DA:140,1
DA:141,1
DA:142,1
DA:143,1
DA:144,1
DA:145,1
DA:146,1
DA:147,1
DA:148,1
DA:152,0
DA:154,0
DA:155,0
DA:156,0
DA:157,0
DA:158,0
DA:159,0
DA:160,0
DA:161,0
DA:162,0
DA:163,0
DA:164,0
DA:165,0
DA:166,0
DA:186,0
DA:195,0
DA:206,1
DA:215,2
DA:221,0
DA:226,0
DA:231,0
DA:280,1
DA:281,1
DA:284,1
DA:285,2
DA:286,2
DA:287,2
DA:290,1
DA:291,1
DA:292,0
DA:294,0
DA:295,0
DA:298,1
DA:299,1
DA:301,1
DA:302,1
DA:303,1
DA:306,0
DA:307,0
DA:309,0
DA:314,1
DA:315,0
DA:316,0
DA:319,4
DA:321,2
DA:322,1
DA:324,1
DA:325,1
DA:328,3
DA:329,1
DA:330,1
DA:331,3
DA:332,1
DA:333,1
DA:334,1
DA:336,1
DA:337,1
DA:338,1
DA:339,1
DA:341,1
DA:347,3
DA:348,3
DA:349,2
DA:352,0
DA:353,0
DA:355,0
DA:356,0
DA:358,0
DA:359,0
DA:361,0
DA:366,1
DA:367,0
DA:368,0
DA:370,0
DA:373,0
DA:375,0
DA:376,0
DA:377,0
DA:378,0
DA:382,2
DA:383,2
DA:384,1
DA:385,1
DA:389,0
DA:390,0
DA:391,0
DA:392,0
DA:393,0
DA:394,0
DA:395,0
DA:396,0
DA:398,0
DA:400,0
DA:401,0
DA:411,1
DA:412,5
DA:413,0
DA:415,3
DA:416,2
DA:421,0
DA:422,0
DA:423,0
DA:427,1
DA:428,3
DA:429,2
DA:432,1
DA:433,1
DA:436,6
DA:439,1
DA:440,1
DA:443,2
DA:444,4
DA:447,1
DA:448,2
DA:450,0
DA:451,0
DA:454,0
DA:458,0
DA:465,2
DA:467,2
DA:468,4
DA:472,1
DA:473,1
DA:476,6
DA:479,1
DA:480,1
DA:487,2
DA:489,3
DA:490,1
DA:491,2
DA:496,0
DA:497,0
DA:500,0
DA:508,1
DA:509,1
DA:512,3
DA:513,0
DA:514,1
DA:517,4
DA:518,1
DA:525,0
DA:526,0
DA:527,0
DA:547,0
DA:548,0
DA:549,0
DA:553,0
DA:554,0
DA:560,0
DA:561,0
DA:571,1
DA:572,1
DA:577,0
DA:578,0
DA:586,1
DA:587,3
DA:588,4
DA:591,4
DA:595,1
DA:600,1
DA:601,3
DA:604,0
DA:607,0
DA:608,0
DA:609,0
DA:611,0
DA:612,0
DA:613,0
DA:620,0
DA:621,0
DA:628,0
DA:634,0
DA:635,0
DA:639,0
DA:640,0
DA:641,0
DA:642,0
DA:643,0
DA:644,0
DA:654,0
DA:656,0
DA:657,0
DA:660,0
DA:663,0
DA:665,0
DA:666,0
DA:667,0
DA:668,0
DA:671,0
DA:673,0
DA:674,0
DA:677,0
DA:679,0
DA:680,0
DA:681,0
DA:703,1
DA:726,0
DA:734,0
DA:735,0
DA:741,0
DA:743,0
DA:745,0
DA:746,0
DA:747,0
DA:748,0
DA:749,0
DA:750,0
DA:753,0
DA:755,0
DA:756,0
DA:757,0
DA:760,0
DA:761,0
DA:762,0
DA:765,0
DA:766,0
DA:769,0
DA:771,0
DA:772,0
DA:773,0
DA:776,0
DA:777,0
DA:780,0
DA:800,0
DA:828,0
DA:829,0
DA:833,0
DA:834,0
DA:835,0
DA:838,0
DA:844,0
DA:846,0
DA:848,0
DA:850,0
DA:851,0
DA:854,0
DA:856,0
DA:857,0
DA:860,0
DA:863,0
DA:864,0
DA:865,0
DA:868,0
DA:869,0
DA:870,0
DA:875,0
DA:877,0
DA:878,0
DA:879,0
DA:880,0
DA:881,0
DA:883,0
DA:884,0
DA:885,0
DA:891,0
DA:893,0
DA:894,0
DA:897,0
DA:898,0
DA:901,0
DA:902,0
DA:904,0
DA:935,0
DA:947,0
DA:949,0
DA:950,0
DA:955,0
DA:956,0
DA:959,0
DA:961,0
DA:962,0
DA:963,0
DA:964,0
DA:965,0
DA:966,0
DA:968,0
DA:969,0
DA:970,0
DA:983,1
LF:305
LH:103
end_of_record
SF:lib/src/closed_caption_file.dart
DA:34,2
DA:63,0
DA:65,0
DA:66,0
DA:67,0
DA:68,0
DA:69,0
LF:7
LH:1
end_of_record
SF:lib/src/sub_rip.dart
DA:15,0
DA:16,0
DA:21,0
DA:22,0
DA:27,0
DA:28,0
DA:29,0
DA:30,0
DA:32,0
DA:34,0
DA:36,0
DA:38,0
DA:40,0
DA:41,0
DA:44,0
DA:45,0
DA:56,0
DA:61,0
DA:63,0
DA:65,0
DA:66,0
DA:69,0
DA:71,0
DA:72,0
DA:74,0
DA:84,0
DA:85,0
DA:89,0
DA:90,0
DA:92,0
DA:93,0
DA:94,0
DA:95,0
DA:97,0
DA:107,0
DA:108,0
DA:110,0
DA:111,0
DA:113,0
DA:114,0
DA:116,0
DA:119,0
DA:120,0
DA:121,0
DA:124,0
LF:45
LH:0
end_of_record
