SF:lib/src/camera_controller.dart
DA:15,2
DA:26,1
DA:27,2
DA:33,3
DA:44,0
DA:45,0
DA:68,2
DA:84,12
DA:89,2
DA:95,3
DA:104,3
DA:105,3
DA:107,3
DA:108,3
DA:109,3
DA:110,3
DA:111,3
DA:115,1
DA:117,2
DA:118,1
DA:119,1
DA:120,1
DA:121,1
DA:122,1
DA:135,2
DA:140,2
DA:169,1
DA:170,1
DA:174,0
DA:179,2
DA:180,2
DA:181,1
DA:187,8
DA:188,2
DA:189,2
DA:190,2
DA:194,10
DA:195,2
DA:196,2
DA:197,2
DA:199,2
DA:201,6
DA:202,2
DA:203,4
DA:206,6
DA:208,2
DA:210,1
DA:211,3
DA:214,2
DA:228,1
DA:229,3
DA:241,1
DA:242,3
DA:243,1
DA:248,2
DA:249,1
DA:255,3
DA:256,4
DA:257,3
DA:259,1
DA:260,3
DA:261,3
DA:282,1
DA:283,2
DA:284,0
DA:286,3
DA:287,1
DA:292,2
DA:293,1
DA:298,2
DA:299,1
DA:306,3
DA:307,3
DA:308,0
DA:309,0
DA:313,1
DA:314,2
DA:315,0
DA:316,0
DA:328,1
DA:329,2
DA:330,0
DA:332,3
DA:333,1
DA:338,2
DA:339,1
DA:344,2
DA:345,1
DA:352,3
DA:353,3
DA:354,0
DA:355,0
DA:358,3
DA:359,1
DA:366,1
DA:367,3
DA:368,1
DA:373,2
DA:374,1
DA:379,2
DA:380,1
DA:387,0
DA:388,0
DA:389,0
DA:390,0
DA:397,0
DA:398,0
DA:399,0
DA:404,0
DA:405,0
DA:411,0
DA:412,0
DA:414,0
DA:415,0
DA:422,0
DA:423,0
DA:424,0
DA:429,0
DA:430,0
DA:436,0
DA:437,0
DA:438,0
DA:439,0
DA:446,0
DA:447,0
DA:448,0
DA:453,0
DA:454,0
DA:460,0
DA:461,0
DA:462,0
DA:463,0
DA:468,0
DA:469,0
DA:470,0
DA:476,0
DA:477,0
DA:478,0
DA:484,1
DA:485,1
DA:488,1
DA:489,1
DA:490,1
DA:491,2
DA:492,4
LF:145
LH:97
end_of_record
SF:lib/src/camera_image.dart
DA:15,1
DA:16,1
DA:17,1
DA:18,1
DA:19,1
DA:20,1
DA:46,4
DA:48,4
DA:61,4
DA:67,4
DA:73,4
DA:78,2
DA:93,1
DA:94,2
DA:97,1
DA:100,0
DA:105,2
DA:108,1
DA:111,1
DA:130,1
DA:131,2
DA:132,1
DA:133,1
DA:134,2
DA:135,3
LF:25
LH:24
end_of_record
SF:lib/src/camera_preview.dart
DA:12,0
DA:17,0
DA:19,0
DA:20,0
DA:21,0
LF:5
LH:0
end_of_record
SF:lib/utils/image_format_utils.dart
DA:6,2
DA:7,4
DA:10,0
DA:13,0
DA:15,0
DA:16,0
DA:19,4
DA:22,2
DA:25,2
DA:26,2
DA:28,2
LF:11
LH:7
end_of_record
